{
  "stats": {
    "suites": 39,
    "tests": 23,
    "passes": 1,
    "pending": 21,
    "failures": 1,
    "start": "2022-06-17T05:37:51.231Z",
    "end": "2022-06-17T05:37:54.043Z",
    "duration": 2812,
    "testsRegistered": 23,
    "passPercent": 50,
    "pendingPercent": 91.30434782608695,
    "other": 0,
    "hasOther": false,
    "skipped": 0,
    "hasSkipped": false
  },
  "results": [
    {
      "uuid": "6347ad5a-9aa5-46df-86cd-72346a7c6e4e",
      "title": "",
      "fullFile": "",
      "file": "",
      "beforeHooks": [],
      "afterHooks": [],
      "tests": [],
      "suites": [
        {
          "uuid": "000c4ecb-30c2-4710-98cb-0720ce6e5e23",
          "title": "SMS",
          "fullFile": "/home/noobcoder/Documents/Bluepineapple/vikraWin/test/bidder.js",
          "file": "/test/bidder.js",
          "beforeHooks": [],
          "afterHooks": [],
          "tests": [],
          "suites": [
            {
              "uuid": "be6c5ba9-bc41-4472-8547-f6aa54e629cc",
              "title": "POST",
              "fullFile": "/home/noobcoder/Documents/Bluepineapple/vikraWin/test/bidder.js",
              "file": "/test/bidder.js",
              "beforeHooks": [],
              "afterHooks": [],
              "tests": [
                {
                  "title": "/api/send",
                  "fullTitle": "SMS POST /api/send",
                  "timedOut": false,
                  "duration": 0,
                  "state": "pending",
                  "speed": null,
                  "pass": false,
                  "fail": false,
                  "pending": true,
                  "context": null,
                  "code": "",
                  "err": {},
                  "uuid": "c174df4a-60c4-4258-b6a5-8a36073d62e3",
                  "parentUUID": "be6c5ba9-bc41-4472-8547-f6aa54e629cc",
                  "isHook": false,
                  "skipped": false
                }
              ],
              "suites": [],
              "passes": [],
              "failures": [],
              "pending": [
                "c174df4a-60c4-4258-b6a5-8a36073d62e3"
              ],
              "skipped": [],
              "duration": 0,
              "root": false,
              "rootEmpty": false,
              "_timeout": 5000
            }
          ],
          "passes": [],
          "failures": [],
          "pending": [],
          "skipped": [],
          "duration": 0,
          "root": false,
          "rootEmpty": false,
          "_timeout": 5000
        },
        {
          "uuid": "b31d893b-1169-42ab-bda5-52cc08524f80",
          "title": "EMAIL",
          "fullFile": "/home/noobcoder/Documents/Bluepineapple/vikraWin/test/bidder.js",
          "file": "/test/bidder.js",
          "beforeHooks": [],
          "afterHooks": [],
          "tests": [],
          "suites": [
            {
              "uuid": "90dc0871-08fd-4b95-abbb-69faa680d87a",
              "title": "POST",
              "fullFile": "/home/noobcoder/Documents/Bluepineapple/vikraWin/test/bidder.js",
              "file": "/test/bidder.js",
              "beforeHooks": [],
              "afterHooks": [],
              "tests": [
                {
                  "title": "Email Notification /api/emailsend",
                  "fullTitle": "EMAIL POST Email Notification /api/emailsend",
                  "timedOut": false,
                  "duration": 0,
                  "state": "pending",
                  "speed": null,
                  "pass": false,
                  "fail": false,
                  "pending": true,
                  "context": null,
                  "code": "",
                  "err": {},
                  "uuid": "90a39c1f-41d0-4988-9758-01cf2531783e",
                  "parentUUID": "90dc0871-08fd-4b95-abbb-69faa680d87a",
                  "isHook": false,
                  "skipped": false
                }
              ],
              "suites": [],
              "passes": [],
              "failures": [],
              "pending": [
                "90a39c1f-41d0-4988-9758-01cf2531783e"
              ],
              "skipped": [],
              "duration": 0,
              "root": false,
              "rootEmpty": false,
              "_timeout": 5000
            }
          ],
          "passes": [],
          "failures": [],
          "pending": [],
          "skipped": [],
          "duration": 0,
          "root": false,
          "rootEmpty": false,
          "_timeout": 5000
        },
        {
          "uuid": "b57711eb-db45-4aad-9558-2714c021ff68",
          "title": "FARMER",
          "fullFile": "/home/noobcoder/Documents/Bluepineapple/vikraWin/test/bidder.js",
          "file": "/test/bidder.js",
          "beforeHooks": [],
          "afterHooks": [],
          "tests": [],
          "suites": [
            {
              "uuid": "64dc0248-ea04-4720-b5ea-8f64c69934fc",
              "title": "LOGIN",
              "fullFile": "/home/noobcoder/Documents/Bluepineapple/vikraWin/test/bidder.js",
              "file": "/test/bidder.js",
              "beforeHooks": [],
              "afterHooks": [],
              "tests": [],
              "suites": [
                {
                  "uuid": "46ce40a4-c157-46a0-9865-112e2c5d7999",
                  "title": "LOGIN SUCCESS",
                  "fullFile": "/home/noobcoder/Documents/Bluepineapple/vikraWin/test/bidder.js",
                  "file": "/test/bidder.js",
                  "beforeHooks": [],
                  "afterHooks": [],
                  "tests": [
                    {
                      "title": " /api/farmerauth",
                      "fullTitle": "FARMER LOGIN LOGIN SUCCESS  /api/farmerauth",
                      "timedOut": false,
                      "duration": 2786,
                      "state": "passed",
                      "speed": "slow",
                      "pass": true,
                      "fail": false,
                      "pending": false,
                      "context": null,
                      "code": "const body = {\n  email: \"jadhavganesh14091999@gmail.com\",\n  password: \"12345\",\n};\nconst res = await axios.post(`${baseURL}/api/farmerauth`, body);\nfarmerId = res.data.payload.farmer.farmerId;\ntoken = res.data.token;\nsetAuthToken(token);",
                      "err": {},
                      "uuid": "16568c58-ca06-4514-8fd0-bc35bfd4c698",
                      "parentUUID": "46ce40a4-c157-46a0-9865-112e2c5d7999",
                      "isHook": false,
                      "skipped": false
                    }
                  ],
                  "suites": [],
                  "passes": [
                    "16568c58-ca06-4514-8fd0-bc35bfd4c698"
                  ],
                  "failures": [],
                  "pending": [],
                  "skipped": [],
                  "duration": 2786,
                  "root": false,
                  "rootEmpty": false,
                  "_timeout": 5000
                },
                {
                  "uuid": "12a10ac7-1b34-496d-abc7-36bbf8eae6bf",
                  "title": "LOGIN FAILED",
                  "fullFile": "/home/noobcoder/Documents/Bluepineapple/vikraWin/test/bidder.js",
                  "file": "/test/bidder.js",
                  "beforeHooks": [],
                  "afterHooks": [],
                  "tests": [
                    {
                      "title": "POST /api/farmerauth",
                      "fullTitle": "FARMER LOGIN LOGIN FAILED POST /api/farmerauth",
                      "timedOut": false,
                      "duration": 0,
                      "state": "pending",
                      "speed": null,
                      "pass": false,
                      "fail": false,
                      "pending": true,
                      "context": null,
                      "code": "",
                      "err": {},
                      "uuid": "936aa7fc-677c-4ee0-81e7-ee3a93440c30",
                      "parentUUID": "12a10ac7-1b34-496d-abc7-36bbf8eae6bf",
                      "isHook": false,
                      "skipped": false
                    }
                  ],
                  "suites": [],
                  "passes": [],
                  "failures": [],
                  "pending": [
                    "936aa7fc-677c-4ee0-81e7-ee3a93440c30"
                  ],
                  "skipped": [],
                  "duration": 0,
                  "root": false,
                  "rootEmpty": false,
                  "_timeout": 5000
                }
              ],
              "passes": [],
              "failures": [],
              "pending": [],
              "skipped": [],
              "duration": 0,
              "root": false,
              "rootEmpty": false,
              "_timeout": 5000
            },
            {
              "uuid": "7cfc4afe-7e3f-45da-8f03-72e75ceca4e7",
              "title": "RESET PASSWORD",
              "fullFile": "/home/noobcoder/Documents/Bluepineapple/vikraWin/test/bidder.js",
              "file": "/test/bidder.js",
              "beforeHooks": [],
              "afterHooks": [],
              "tests": [],
              "suites": [
                {
                  "uuid": "73ca5e2e-04d0-4bf6-9151-f06ba7530196",
                  "title": "Email Not Registered",
                  "fullFile": "/home/noobcoder/Documents/Bluepineapple/vikraWin/test/bidder.js",
                  "file": "/test/bidder.js",
                  "beforeHooks": [],
                  "afterHooks": [],
                  "tests": [
                    {
                      "title": "POST /api/bidder-reset/resetpassword",
                      "fullTitle": "FARMER RESET PASSWORD Email Not Registered POST /api/bidder-reset/resetpassword",
                      "timedOut": false,
                      "duration": 0,
                      "state": "pending",
                      "speed": null,
                      "pass": false,
                      "fail": false,
                      "pending": true,
                      "context": null,
                      "code": "",
                      "err": {},
                      "uuid": "e6886970-7f3e-4de6-9b8c-15ef7958e648",
                      "parentUUID": "73ca5e2e-04d0-4bf6-9151-f06ba7530196",
                      "isHook": false,
                      "skipped": false
                    }
                  ],
                  "suites": [],
                  "passes": [],
                  "failures": [],
                  "pending": [
                    "e6886970-7f3e-4de6-9b8c-15ef7958e648"
                  ],
                  "skipped": [],
                  "duration": 0,
                  "root": false,
                  "rootEmpty": false,
                  "_timeout": 5000
                },
                {
                  "uuid": "8f7fad8e-c406-4e1d-8b70-bfec52e03f53",
                  "title": "Password Reset Link Sent",
                  "fullFile": "/home/noobcoder/Documents/Bluepineapple/vikraWin/test/bidder.js",
                  "file": "/test/bidder.js",
                  "beforeHooks": [],
                  "afterHooks": [],
                  "tests": [
                    {
                      "title": "POST /api/bidder-reset/resetpassword",
                      "fullTitle": "FARMER RESET PASSWORD Password Reset Link Sent POST /api/bidder-reset/resetpassword",
                      "timedOut": false,
                      "duration": 0,
                      "state": "pending",
                      "speed": null,
                      "pass": false,
                      "fail": false,
                      "pending": true,
                      "context": null,
                      "code": "",
                      "err": {},
                      "uuid": "3cf86639-ce9f-4a54-8da7-a769b5a139d3",
                      "parentUUID": "8f7fad8e-c406-4e1d-8b70-bfec52e03f53",
                      "isHook": false,
                      "skipped": false
                    }
                  ],
                  "suites": [],
                  "passes": [],
                  "failures": [],
                  "pending": [
                    "3cf86639-ce9f-4a54-8da7-a769b5a139d3"
                  ],
                  "skipped": [],
                  "duration": 0,
                  "root": false,
                  "rootEmpty": false,
                  "_timeout": 5000
                }
              ],
              "passes": [],
              "failures": [],
              "pending": [],
              "skipped": [],
              "duration": 0,
              "root": false,
              "rootEmpty": false,
              "_timeout": 5000
            },
            {
              "uuid": "22fcb709-834f-452c-bb37-0145a1f490e8",
              "title": "AUCTION",
              "fullFile": "/home/noobcoder/Documents/Bluepineapple/vikraWin/test/bidder.js",
              "file": "/test/bidder.js",
              "beforeHooks": [],
              "afterHooks": [],
              "tests": [],
              "suites": [
                {
                  "uuid": "c833889a-7274-4bc9-b21f-da69c13e9e0e",
                  "title": "CREATE AUCTION",
                  "fullFile": "/home/noobcoder/Documents/Bluepineapple/vikraWin/test/bidder.js",
                  "file": "/test/bidder.js",
                  "beforeHooks": [],
                  "afterHooks": [],
                  "tests": [
                    {
                      "title": "POST /api/createauction",
                      "fullTitle": "FARMER AUCTION CREATE AUCTION POST /api/createauction",
                      "timedOut": false,
                      "duration": 0,
                      "state": "pending",
                      "speed": null,
                      "pass": false,
                      "fail": false,
                      "pending": true,
                      "context": null,
                      "code": "",
                      "err": {},
                      "uuid": "3f860f72-83b1-404c-87a7-c1d62b0d4bc2",
                      "parentUUID": "c833889a-7274-4bc9-b21f-da69c13e9e0e",
                      "isHook": false,
                      "skipped": false
                    }
                  ],
                  "suites": [],
                  "passes": [],
                  "failures": [],
                  "pending": [
                    "3f860f72-83b1-404c-87a7-c1d62b0d4bc2"
                  ],
                  "skipped": [],
                  "duration": 0,
                  "root": false,
                  "rootEmpty": false,
                  "_timeout": 5000
                }
              ],
              "passes": [],
              "failures": [],
              "pending": [],
              "skipped": [],
              "duration": 0,
              "root": false,
              "rootEmpty": false,
              "_timeout": 5000
            },
            {
              "uuid": "21d6267e-293d-4d04-8d1c-409a1834c63e",
              "title": "MY CROPS",
              "fullFile": "/home/noobcoder/Documents/Bluepineapple/vikraWin/test/bidder.js",
              "file": "/test/bidder.js",
              "beforeHooks": [],
              "afterHooks": [],
              "tests": [],
              "suites": [
                {
                  "uuid": "adf243eb-468f-48ef-9a3c-8421b7b835c6",
                  "title": "View My Crops",
                  "fullFile": "/home/noobcoder/Documents/Bluepineapple/vikraWin/test/bidder.js",
                  "file": "/test/bidder.js",
                  "beforeHooks": [],
                  "afterHooks": [],
                  "tests": [
                    {
                      "title": "GET/api/mycrops",
                      "fullTitle": "FARMER MY CROPS View My Crops GET/api/mycrops",
                      "timedOut": false,
                      "duration": 0,
                      "state": "pending",
                      "speed": null,
                      "pass": false,
                      "fail": false,
                      "pending": true,
                      "context": null,
                      "code": "",
                      "err": {},
                      "uuid": "54fc1d0c-b296-48b1-8765-16b70c63463b",
                      "parentUUID": "adf243eb-468f-48ef-9a3c-8421b7b835c6",
                      "isHook": false,
                      "skipped": false
                    }
                  ],
                  "suites": [],
                  "passes": [],
                  "failures": [],
                  "pending": [
                    "54fc1d0c-b296-48b1-8765-16b70c63463b"
                  ],
                  "skipped": [],
                  "duration": 0,
                  "root": false,
                  "rootEmpty": false,
                  "_timeout": 5000
                },
                {
                  "uuid": "ed29a598-a206-4feb-93a8-35ed9fe6f16b",
                  "title": "End Bidding",
                  "fullFile": "/home/noobcoder/Documents/Bluepineapple/vikraWin/test/bidder.js",
                  "file": "/test/bidder.js",
                  "beforeHooks": [],
                  "afterHooks": [],
                  "tests": [
                    {
                      "title": "PATCH /api/endbid",
                      "fullTitle": "FARMER MY CROPS End Bidding PATCH /api/endbid",
                      "timedOut": false,
                      "duration": 0,
                      "state": "pending",
                      "speed": null,
                      "pass": false,
                      "fail": false,
                      "pending": true,
                      "context": null,
                      "code": "",
                      "err": {},
                      "uuid": "2cf7c30a-99f3-4f1e-ad7f-73899bd8ad46",
                      "parentUUID": "ed29a598-a206-4feb-93a8-35ed9fe6f16b",
                      "isHook": false,
                      "skipped": false
                    }
                  ],
                  "suites": [],
                  "passes": [],
                  "failures": [],
                  "pending": [
                    "2cf7c30a-99f3-4f1e-ad7f-73899bd8ad46"
                  ],
                  "skipped": [],
                  "duration": 0,
                  "root": false,
                  "rootEmpty": false,
                  "_timeout": 5000
                }
              ],
              "passes": [],
              "failures": [],
              "pending": [],
              "skipped": [],
              "duration": 0,
              "root": false,
              "rootEmpty": false,
              "_timeout": 5000
            },
            {
              "uuid": "51b905f5-1108-4e36-b99a-1870496121e6",
              "title": "FARMER HISTORY",
              "fullFile": "/home/noobcoder/Documents/Bluepineapple/vikraWin/test/bidder.js",
              "file": "/test/bidder.js",
              "beforeHooks": [],
              "afterHooks": [],
              "tests": [],
              "suites": [
                {
                  "uuid": "4c2fd99f-3188-47e7-bd95-fe34fb3e1632",
                  "title": "View Sell History",
                  "fullFile": "/home/noobcoder/Documents/Bluepineapple/vikraWin/test/bidder.js",
                  "file": "/test/bidder.js",
                  "beforeHooks": [],
                  "afterHooks": [],
                  "tests": [
                    {
                      "title": "GET /api/farmerhistory",
                      "fullTitle": "FARMER FARMER HISTORY View Sell History GET /api/farmerhistory",
                      "timedOut": false,
                      "duration": 9,
                      "state": "failed",
                      "speed": null,
                      "pass": false,
                      "fail": true,
                      "pending": false,
                      "context": null,
                      "code": "try {\n  const res = await axios.get(`${baseURL}/api/farmerhistory`);\n  expect(res.status).to.be.eql(200);\n  expect(res.data).to.be.an(\"array\");\n} catch (error) {\n  console.log(error.response.data.msg);\n  expect(error.response.data.msg).to.eql(\n    \"No token...! Authorization Denied\"\n  );\n  // console.log(\"**********************\", error);\n}",
                      "err": {
                        "message": "AssertionError: expected 'Invalid Token...!' to deeply equal 'No token...! Authorization Denied'",
                        "estack": "AssertionError: expected 'Invalid Token...!' to deeply equal 'No token...! Authorization Denied'\n    at Context.<anonymous> (test/farmer.js:137:46)\n    at processTicksAndRejections (node:internal/process/task_queues:96:5)",
                        "diff": "- Invalid Token...!\n+ No token...! Authorization Denied\n"
                      },
                      "uuid": "70be4e30-34d8-4788-8462-1920e24378b9",
                      "parentUUID": "4c2fd99f-3188-47e7-bd95-fe34fb3e1632",
                      "isHook": false,
                      "skipped": false
                    }
                  ],
                  "suites": [],
                  "passes": [],
                  "failures": [
                    "70be4e30-34d8-4788-8462-1920e24378b9"
                  ],
                  "pending": [],
                  "skipped": [],
                  "duration": 9,
                  "root": false,
                  "rootEmpty": false,
                  "_timeout": 5000
                }
              ],
              "passes": [],
              "failures": [],
              "pending": [],
              "skipped": [],
              "duration": 0,
              "root": false,
              "rootEmpty": false,
              "_timeout": 5000
            },
            {
              "uuid": "72bd36bf-7a58-4adb-a518-4c5dcb97a935",
              "title": "FARMER PROFILE",
              "fullFile": "/home/noobcoder/Documents/Bluepineapple/vikraWin/test/bidder.js",
              "file": "/test/bidder.js",
              "beforeHooks": [],
              "afterHooks": [],
              "tests": [],
              "suites": [
                {
                  "uuid": "8a827707-f617-48bd-9072-cfd9de903509",
                  "title": "View Profile",
                  "fullFile": "/home/noobcoder/Documents/Bluepineapple/vikraWin/test/bidder.js",
                  "file": "/test/bidder.js",
                  "beforeHooks": [],
                  "afterHooks": [],
                  "tests": [
                    {
                      "title": "GET /api/farmerprofile",
                      "fullTitle": "FARMER FARMER PROFILE View Profile GET /api/farmerprofile",
                      "timedOut": false,
                      "duration": 0,
                      "state": "pending",
                      "speed": null,
                      "pass": false,
                      "fail": false,
                      "pending": true,
                      "context": null,
                      "code": "",
                      "err": {},
                      "uuid": "c7d8361b-7b20-4a71-871f-8a2dd9b95c00",
                      "parentUUID": "8a827707-f617-48bd-9072-cfd9de903509",
                      "isHook": false,
                      "skipped": false
                    }
                  ],
                  "suites": [],
                  "passes": [],
                  "failures": [],
                  "pending": [
                    "c7d8361b-7b20-4a71-871f-8a2dd9b95c00"
                  ],
                  "skipped": [],
                  "duration": 0,
                  "root": false,
                  "rootEmpty": false,
                  "_timeout": 5000
                },
                {
                  "uuid": "f01a970f-91fd-436e-9ec0-258a43ff82ba",
                  "title": "Update Profile",
                  "fullFile": "/home/noobcoder/Documents/Bluepineapple/vikraWin/test/bidder.js",
                  "file": "/test/bidder.js",
                  "beforeHooks": [],
                  "afterHooks": [],
                  "tests": [
                    {
                      "title": "PATCH /api/farmerprofile",
                      "fullTitle": "FARMER FARMER PROFILE Update Profile PATCH /api/farmerprofile",
                      "timedOut": false,
                      "duration": 0,
                      "state": "pending",
                      "speed": null,
                      "pass": false,
                      "fail": false,
                      "pending": true,
                      "context": null,
                      "code": "",
                      "err": {},
                      "uuid": "5385c4d7-10d1-42cd-961f-c3578c127107",
                      "parentUUID": "f01a970f-91fd-436e-9ec0-258a43ff82ba",
                      "isHook": false,
                      "skipped": false
                    }
                  ],
                  "suites": [],
                  "passes": [],
                  "failures": [],
                  "pending": [
                    "5385c4d7-10d1-42cd-961f-c3578c127107"
                  ],
                  "skipped": [],
                  "duration": 0,
                  "root": false,
                  "rootEmpty": false,
                  "_timeout": 5000
                }
              ],
              "passes": [],
              "failures": [],
              "pending": [],
              "skipped": [],
              "duration": 0,
              "root": false,
              "rootEmpty": false,
              "_timeout": 5000
            }
          ],
          "passes": [],
          "failures": [],
          "pending": [],
          "skipped": [],
          "duration": 0,
          "root": false,
          "rootEmpty": false,
          "_timeout": 5000
        },
        {
          "uuid": "06a26e40-a83c-465a-863d-314aebba5517",
          "title": "BIDDER",
          "fullFile": "/home/noobcoder/Documents/Bluepineapple/vikraWin/test/bidder.js",
          "file": "/test/bidder.js",
          "beforeHooks": [],
          "afterHooks": [],
          "tests": [],
          "suites": [
            {
              "uuid": "3f7b68b8-36e7-4899-aab6-b1e7791511a6",
              "title": "LOGIN",
              "fullFile": "/home/noobcoder/Documents/Bluepineapple/vikraWin/test/bidder.js",
              "file": "/test/bidder.js",
              "beforeHooks": [],
              "afterHooks": [],
              "tests": [],
              "suites": [
                {
                  "uuid": "bdb876f5-84dc-45eb-8139-9faccc332399",
                  "title": "LOGIN SUCCESS",
                  "fullFile": "/home/noobcoder/Documents/Bluepineapple/vikraWin/test/bidder.js",
                  "file": "/test/bidder.js",
                  "beforeHooks": [],
                  "afterHooks": [],
                  "tests": [
                    {
                      "title": "POST /api/bidderauth",
                      "fullTitle": "BIDDER LOGIN LOGIN SUCCESS POST /api/bidderauth",
                      "timedOut": false,
                      "duration": 0,
                      "state": "pending",
                      "speed": null,
                      "pass": false,
                      "fail": false,
                      "pending": true,
                      "context": null,
                      "code": "",
                      "err": {},
                      "uuid": "201baff7-75ad-4da8-828a-74e7d129692e",
                      "parentUUID": "bdb876f5-84dc-45eb-8139-9faccc332399",
                      "isHook": false,
                      "skipped": false
                    }
                  ],
                  "suites": [],
                  "passes": [],
                  "failures": [],
                  "pending": [
                    "201baff7-75ad-4da8-828a-74e7d129692e"
                  ],
                  "skipped": [],
                  "duration": 0,
                  "root": false,
                  "rootEmpty": false,
                  "_timeout": 5000
                },
                {
                  "uuid": "72c94d2e-537c-4b80-bab3-4098a71e7635",
                  "title": "LOGIN FAILED",
                  "fullFile": "/home/noobcoder/Documents/Bluepineapple/vikraWin/test/bidder.js",
                  "file": "/test/bidder.js",
                  "beforeHooks": [],
                  "afterHooks": [],
                  "tests": [
                    {
                      "title": "POST /api/bidderauth",
                      "fullTitle": "BIDDER LOGIN LOGIN FAILED POST /api/bidderauth",
                      "timedOut": false,
                      "duration": 0,
                      "state": "pending",
                      "speed": null,
                      "pass": false,
                      "fail": false,
                      "pending": true,
                      "context": null,
                      "code": "",
                      "err": {},
                      "uuid": "3b30c1ca-463c-4927-8530-efb0244f5788",
                      "parentUUID": "72c94d2e-537c-4b80-bab3-4098a71e7635",
                      "isHook": false,
                      "skipped": false
                    }
                  ],
                  "suites": [],
                  "passes": [],
                  "failures": [],
                  "pending": [
                    "3b30c1ca-463c-4927-8530-efb0244f5788"
                  ],
                  "skipped": [],
                  "duration": 0,
                  "root": false,
                  "rootEmpty": false,
                  "_timeout": 5000
                }
              ],
              "passes": [],
              "failures": [],
              "pending": [],
              "skipped": [],
              "duration": 0,
              "root": false,
              "rootEmpty": false,
              "_timeout": 5000
            },
            {
              "uuid": "922b6e8f-72c3-4542-aae3-6a11a0d6dfdc",
              "title": "RESET PASSWORD",
              "fullFile": "/home/noobcoder/Documents/Bluepineapple/vikraWin/test/bidder.js",
              "file": "/test/bidder.js",
              "beforeHooks": [],
              "afterHooks": [],
              "tests": [],
              "suites": [
                {
                  "uuid": "af7a1199-3f35-4bfb-bd66-63213d834849",
                  "title": "Email Not Registered",
                  "fullFile": "/home/noobcoder/Documents/Bluepineapple/vikraWin/test/bidder.js",
                  "file": "/test/bidder.js",
                  "beforeHooks": [],
                  "afterHooks": [],
                  "tests": [
                    {
                      "title": "POST /api/bidder-reset/resetpassword",
                      "fullTitle": "BIDDER RESET PASSWORD Email Not Registered POST /api/bidder-reset/resetpassword",
                      "timedOut": false,
                      "duration": 0,
                      "state": "pending",
                      "speed": null,
                      "pass": false,
                      "fail": false,
                      "pending": true,
                      "context": null,
                      "code": "",
                      "err": {},
                      "uuid": "0e149187-3a8c-4b81-b26e-efa79f919469",
                      "parentUUID": "af7a1199-3f35-4bfb-bd66-63213d834849",
                      "isHook": false,
                      "skipped": false
                    }
                  ],
                  "suites": [],
                  "passes": [],
                  "failures": [],
                  "pending": [
                    "0e149187-3a8c-4b81-b26e-efa79f919469"
                  ],
                  "skipped": [],
                  "duration": 0,
                  "root": false,
                  "rootEmpty": false,
                  "_timeout": 5000
                },
                {
                  "uuid": "ed6dd2c5-7560-4247-b711-7ce6699f9738",
                  "title": "Password Reset Link Sent",
                  "fullFile": "/home/noobcoder/Documents/Bluepineapple/vikraWin/test/bidder.js",
                  "file": "/test/bidder.js",
                  "beforeHooks": [],
                  "afterHooks": [],
                  "tests": [
                    {
                      "title": "POST /api/bidder-reset/resetpassword",
                      "fullTitle": "BIDDER RESET PASSWORD Password Reset Link Sent POST /api/bidder-reset/resetpassword",
                      "timedOut": false,
                      "duration": 0,
                      "state": "pending",
                      "speed": null,
                      "pass": false,
                      "fail": false,
                      "pending": true,
                      "context": null,
                      "code": "",
                      "err": {},
                      "uuid": "ea356d56-a90e-4921-9989-827fbeabce23",
                      "parentUUID": "ed6dd2c5-7560-4247-b711-7ce6699f9738",
                      "isHook": false,
                      "skipped": false
                    }
                  ],
                  "suites": [],
                  "passes": [],
                  "failures": [],
                  "pending": [
                    "ea356d56-a90e-4921-9989-827fbeabce23"
                  ],
                  "skipped": [],
                  "duration": 0,
                  "root": false,
                  "rootEmpty": false,
                  "_timeout": 5000
                }
              ],
              "passes": [],
              "failures": [],
              "pending": [],
              "skipped": [],
              "duration": 0,
              "root": false,
              "rootEmpty": false,
              "_timeout": 5000
            },
            {
              "uuid": "b0020bfb-e76a-4cf2-8227-b1a1aa2b091a",
              "title": "AUCTIONS",
              "fullFile": "/home/noobcoder/Documents/Bluepineapple/vikraWin/test/bidder.js",
              "file": "/test/bidder.js",
              "beforeHooks": [],
              "afterHooks": [],
              "tests": [],
              "suites": [
                {
                  "uuid": "73d79868-5f32-4da9-86bc-4848d80a0177",
                  "title": "View Available Auctions",
                  "fullFile": "/home/noobcoder/Documents/Bluepineapple/vikraWin/test/bidder.js",
                  "file": "/test/bidder.js",
                  "beforeHooks": [],
                  "afterHooks": [],
                  "tests": [
                    {
                      "title": "GET /api/availableauctions",
                      "fullTitle": "BIDDER AUCTIONS View Available Auctions GET /api/availableauctions",
                      "timedOut": false,
                      "duration": 0,
                      "state": "pending",
                      "speed": null,
                      "pass": false,
                      "fail": false,
                      "pending": true,
                      "context": null,
                      "code": "",
                      "err": {},
                      "uuid": "347a95ca-73ec-4006-a03e-8ab5649af918",
                      "parentUUID": "73d79868-5f32-4da9-86bc-4848d80a0177",
                      "isHook": false,
                      "skipped": false
                    }
                  ],
                  "suites": [],
                  "passes": [],
                  "failures": [],
                  "pending": [
                    "347a95ca-73ec-4006-a03e-8ab5649af918"
                  ],
                  "skipped": [],
                  "duration": 0,
                  "root": false,
                  "rootEmpty": false,
                  "_timeout": 5000
                },
                {
                  "uuid": "030f30be-2c99-4d32-b137-a21f077e4c66",
                  "title": "Register for auction",
                  "fullFile": "/home/noobcoder/Documents/Bluepineapple/vikraWin/test/bidder.js",
                  "file": "/test/bidder.js",
                  "beforeHooks": [],
                  "afterHooks": [],
                  "tests": [
                    {
                      "title": "POST /api/registerauction",
                      "fullTitle": "BIDDER AUCTIONS Register for auction POST /api/registerauction",
                      "timedOut": false,
                      "duration": 0,
                      "state": "pending",
                      "speed": null,
                      "pass": false,
                      "fail": false,
                      "pending": true,
                      "context": null,
                      "code": "",
                      "err": {},
                      "uuid": "59f5dee0-e89e-4b9a-be6a-2c2fca9b8854",
                      "parentUUID": "030f30be-2c99-4d32-b137-a21f077e4c66",
                      "isHook": false,
                      "skipped": false
                    }
                  ],
                  "suites": [],
                  "passes": [],
                  "failures": [],
                  "pending": [
                    "59f5dee0-e89e-4b9a-be6a-2c2fca9b8854"
                  ],
                  "skipped": [],
                  "duration": 0,
                  "root": false,
                  "rootEmpty": false,
                  "_timeout": 5000
                }
              ],
              "passes": [],
              "failures": [],
              "pending": [],
              "skipped": [],
              "duration": 0,
              "root": false,
              "rootEmpty": false,
              "_timeout": 5000
            },
            {
              "uuid": "79bf8ce5-e922-4974-99b8-bc4d626852e1",
              "title": "MARKET PLACE",
              "fullFile": "/home/noobcoder/Documents/Bluepineapple/vikraWin/test/bidder.js",
              "file": "/test/bidder.js",
              "beforeHooks": [],
              "afterHooks": [],
              "tests": [],
              "suites": [
                {
                  "uuid": "2879a7a8-602c-4a2b-8cfb-77a01d770515",
                  "title": "View Registered Auction",
                  "fullFile": "/home/noobcoder/Documents/Bluepineapple/vikraWin/test/bidder.js",
                  "file": "/test/bidder.js",
                  "beforeHooks": [],
                  "afterHooks": [],
                  "tests": [
                    {
                      "title": "GET /api/registeredbids",
                      "fullTitle": "BIDDER MARKET PLACE View Registered Auction GET /api/registeredbids",
                      "timedOut": false,
                      "duration": 0,
                      "state": "pending",
                      "speed": null,
                      "pass": false,
                      "fail": false,
                      "pending": true,
                      "context": null,
                      "code": "",
                      "err": {},
                      "uuid": "fc3cdcd6-1fcf-4c97-a407-fa7c19078d27",
                      "parentUUID": "2879a7a8-602c-4a2b-8cfb-77a01d770515",
                      "isHook": false,
                      "skipped": false
                    }
                  ],
                  "suites": [],
                  "passes": [],
                  "failures": [],
                  "pending": [
                    "fc3cdcd6-1fcf-4c97-a407-fa7c19078d27"
                  ],
                  "skipped": [],
                  "duration": 0,
                  "root": false,
                  "rootEmpty": false,
                  "_timeout": 5000
                },
                {
                  "uuid": "a351cfd5-3b04-4703-aa44-309c6c18a6dd",
                  "title": "Place Bid",
                  "fullFile": "/home/noobcoder/Documents/Bluepineapple/vikraWin/test/bidder.js",
                  "file": "/test/bidder.js",
                  "beforeHooks": [],
                  "afterHooks": [],
                  "tests": [
                    {
                      "title": "PATCH /api/placebid",
                      "fullTitle": "BIDDER MARKET PLACE Place Bid PATCH /api/placebid",
                      "timedOut": false,
                      "duration": 0,
                      "state": "pending",
                      "speed": null,
                      "pass": false,
                      "fail": false,
                      "pending": true,
                      "context": null,
                      "code": "",
                      "err": {},
                      "uuid": "e20f07df-780d-4dfc-8d87-1f86b931e9be",
                      "parentUUID": "a351cfd5-3b04-4703-aa44-309c6c18a6dd",
                      "isHook": false,
                      "skipped": false
                    }
                  ],
                  "suites": [],
                  "passes": [],
                  "failures": [],
                  "pending": [
                    "e20f07df-780d-4dfc-8d87-1f86b931e9be"
                  ],
                  "skipped": [],
                  "duration": 0,
                  "root": false,
                  "rootEmpty": false,
                  "_timeout": 5000
                }
              ],
              "passes": [],
              "failures": [],
              "pending": [],
              "skipped": [],
              "duration": 0,
              "root": false,
              "rootEmpty": false,
              "_timeout": 5000
            },
            {
              "uuid": "4612af78-694d-47a8-90fa-d2afee8eb7f0",
              "title": "BIDDER HISTORY",
              "fullFile": "/home/noobcoder/Documents/Bluepineapple/vikraWin/test/bidder.js",
              "file": "/test/bidder.js",
              "beforeHooks": [],
              "afterHooks": [],
              "tests": [],
              "suites": [
                {
                  "uuid": "78a8fc3d-1e48-4986-b5ad-f76c3627aca3",
                  "title": "View Purchase History",
                  "fullFile": "/home/noobcoder/Documents/Bluepineapple/vikraWin/test/bidder.js",
                  "file": "/test/bidder.js",
                  "beforeHooks": [],
                  "afterHooks": [],
                  "tests": [
                    {
                      "title": "GET /api/bidderhistory",
                      "fullTitle": "BIDDER BIDDER HISTORY View Purchase History GET /api/bidderhistory",
                      "timedOut": false,
                      "duration": 0,
                      "state": "pending",
                      "speed": null,
                      "pass": false,
                      "fail": false,
                      "pending": true,
                      "context": null,
                      "code": "",
                      "err": {},
                      "uuid": "59c8a806-4e2f-4df9-b128-52c4240ce6c9",
                      "parentUUID": "78a8fc3d-1e48-4986-b5ad-f76c3627aca3",
                      "isHook": false,
                      "skipped": false
                    }
                  ],
                  "suites": [],
                  "passes": [],
                  "failures": [],
                  "pending": [
                    "59c8a806-4e2f-4df9-b128-52c4240ce6c9"
                  ],
                  "skipped": [],
                  "duration": 0,
                  "root": false,
                  "rootEmpty": false,
                  "_timeout": 5000
                }
              ],
              "passes": [],
              "failures": [],
              "pending": [],
              "skipped": [],
              "duration": 0,
              "root": false,
              "rootEmpty": false,
              "_timeout": 5000
            },
            {
              "uuid": "7b77de16-7a42-43fa-a978-94552d13f747",
              "title": "BIDDER PROFILE",
              "fullFile": "/home/noobcoder/Documents/Bluepineapple/vikraWin/test/bidder.js",
              "file": "/test/bidder.js",
              "beforeHooks": [],
              "afterHooks": [],
              "tests": [],
              "suites": [
                {
                  "uuid": "dc60502c-4fc6-47b4-b316-6108d6a7bb66",
                  "title": "View Profile",
                  "fullFile": "/home/noobcoder/Documents/Bluepineapple/vikraWin/test/bidder.js",
                  "file": "/test/bidder.js",
                  "beforeHooks": [],
                  "afterHooks": [],
                  "tests": [
                    {
                      "title": "GET /api/bidderprofile",
                      "fullTitle": "BIDDER BIDDER PROFILE View Profile GET /api/bidderprofile",
                      "timedOut": false,
                      "duration": 0,
                      "state": "pending",
                      "speed": null,
                      "pass": false,
                      "fail": false,
                      "pending": true,
                      "context": null,
                      "code": "",
                      "err": {},
                      "uuid": "78fce38f-774f-4463-846b-1bed09306972",
                      "parentUUID": "dc60502c-4fc6-47b4-b316-6108d6a7bb66",
                      "isHook": false,
                      "skipped": false
                    }
                  ],
                  "suites": [],
                  "passes": [],
                  "failures": [],
                  "pending": [
                    "78fce38f-774f-4463-846b-1bed09306972"
                  ],
                  "skipped": [],
                  "duration": 0,
                  "root": false,
                  "rootEmpty": false,
                  "_timeout": 5000
                },
                {
                  "uuid": "2d4480e2-f61f-436f-8945-2e637bba09fc",
                  "title": "Update Profile",
                  "fullFile": "/home/noobcoder/Documents/Bluepineapple/vikraWin/test/bidder.js",
                  "file": "/test/bidder.js",
                  "beforeHooks": [],
                  "afterHooks": [],
                  "tests": [
                    {
                      "title": "PATCH /api/bidderprofile",
                      "fullTitle": "BIDDER BIDDER PROFILE Update Profile PATCH /api/bidderprofile",
                      "timedOut": false,
                      "duration": 0,
                      "state": "pending",
                      "speed": null,
                      "pass": false,
                      "fail": false,
                      "pending": true,
                      "context": null,
                      "code": "",
                      "err": {},
                      "uuid": "aa7e49b5-4d46-473a-a95c-d5e42ee99295",
                      "parentUUID": "2d4480e2-f61f-436f-8945-2e637bba09fc",
                      "isHook": false,
                      "skipped": false
                    }
                  ],
                  "suites": [],
                  "passes": [],
                  "failures": [],
                  "pending": [
                    "aa7e49b5-4d46-473a-a95c-d5e42ee99295"
                  ],
                  "skipped": [],
                  "duration": 0,
                  "root": false,
                  "rootEmpty": false,
                  "_timeout": 5000
                }
              ],
              "passes": [],
              "failures": [],
              "pending": [],
              "skipped": [],
              "duration": 0,
              "root": false,
              "rootEmpty": false,
              "_timeout": 5000
            }
          ],
          "passes": [],
          "failures": [],
          "pending": [],
          "skipped": [],
          "duration": 0,
          "root": false,
          "rootEmpty": false,
          "_timeout": 5000
        }
      ],
      "passes": [],
      "failures": [],
      "pending": [],
      "skipped": [],
      "duration": 0,
      "root": true,
      "rootEmpty": true,
      "_timeout": 5000
    }
  ],
  "meta": {
    "mocha": {
      "version": "10.0.0"
    },
    "mochawesome": {
      "options": {
        "quiet": false,
        "reportFilename": "mochawesome",
        "saveHtml": true,
        "saveJson": true,
        "consoleReporter": "spec",
        "useInlineDiffs": false,
        "code": true
      },
      "version": "7.1.3"
    },
    "marge": {
      "options": null,
      "version": "6.2.0"
    }
  }
}